<?xml version="1.0" encoding="UTF-8"?>
<testng-results skipped="0" failed="1" total="2" passed="1">
  <reporter-output>
  </reporter-output>
  <suite name="Suite" duration-ms="85867" started-at="2019-12-06T04:41:19Z" finished-at="2019-12-06T04:42:44Z">
    <groups>
    </groups>
    <test name="Test" duration-ms="85867" started-at="2019-12-06T04:41:19Z" finished-at="2019-12-06T04:42:44Z">
      <class name="automatingUptoPayement.Final2">
        <test-method status="PASS" signature="testcase2()[pri:0, instance:automatingUptoPayement.Final2@7d417077]" name="testcase2" is-config="true" duration-ms="37114" started-at="2019-12-06T10:11:45Z" finished-at="2019-12-06T10:12:22Z">
          <reporter-output>
          </reporter-output>
        </test-method> <!-- testcase2 -->
        <test-method status="PASS" signature="addBag()[pri:0, instance:automatingUptoPayement.Final2@7d417077]" name="addBag" duration-ms="22345" started-at="2019-12-06T10:12:22Z" finished-at="2019-12-06T10:12:44Z">
          <reporter-output>
          </reporter-output>
        </test-method> <!-- addBag -->
        <test-method status="PASS" signature="startTime2()[pri:0, instance:automatingUptoPayement.Final2@7d417077]" name="startTime2" is-config="true" duration-ms="0" started-at="2019-12-06T10:12:22Z" finished-at="2019-12-06T10:12:22Z">
          <reporter-output>
          </reporter-output>
        </test-method> <!-- startTime2 -->
        <test-method status="PASS" signature="endTime2()[pri:0, instance:automatingUptoPayement.Final2@7d417077]" name="endTime2" is-config="true" duration-ms="0" started-at="2019-12-06T10:12:44Z" finished-at="2019-12-06T10:12:44Z">
          <reporter-output>
          </reporter-output>
        </test-method> <!-- endTime2 -->
      </class> <!-- automatingUptoPayement.Final2 -->
      <class name="automatingUptoPayement.Finalresult">
        <test-method status="PASS" signature="testcase1()[pri:0, instance:automatingUptoPayement.Finalresult@7dc36524]" name="testcase1" is-config="true" duration-ms="20295" started-at="2019-12-06T10:11:19Z" finished-at="2019-12-06T10:11:39Z">
          <reporter-output>
          </reporter-output>
        </test-method> <!-- testcase1 -->
        <test-method status="PASS" signature="startTime()[pri:0, instance:automatingUptoPayement.Finalresult@7dc36524]" name="startTime" is-config="true" duration-ms="6" started-at="2019-12-06T10:11:39Z" finished-at="2019-12-06T10:11:39Z">
          <reporter-output>
          </reporter-output>
        </test-method> <!-- startTime -->
        <test-method status="FAIL" signature="addWatch()[pri:-1, instance:automatingUptoPayement.Finalresult@7dc36524]" name="addWatch" duration-ms="6029" started-at="2019-12-06T10:11:39Z" finished-at="2019-12-06T10:11:45Z">
          <exception class="org.openqa.selenium.NoSuchElementException">
            <message>
              <![CDATA[no such element: Unable to locate element: {"method":"xpath","selector":"//span[contains(text(),'Blue Grey Gold')]"}
  (Session info: chrome=78.0.3904.108)
For documentation on this error, please visit: https://www.seleniumhq.org/exceptions/no_such_element.html
Build info: version: '3.141.59', revision: 'e82be7d358', time: '2018-11-14T08:17:03'
System info: host: 'KOKILAVANI-PC', ip: '192.168.0.108', os.name: 'Windows 7', os.arch: 'amd64', os.version: '6.1', java.version: '1.8.0_221'
Driver info: org.openqa.selenium.chrome.ChromeDriver
Capabilities {acceptInsecureCerts: false, browserName: chrome, browserVersion: 78.0.3904.108, chrome: {chromedriverVersion: 78.0.3904.70 (edb9c9f3de024..., userDataDir: C:\Users\rukku\AppData\Loca...}, goog:chromeOptions: {debuggerAddress: localhost:50435}, javascriptEnabled: true, networkConnectionEnabled: false, pageLoadStrategy: normal, platform: XP, platformName: XP, proxy: Proxy(), setWindowRect: true, strictFileInteractability: false, timeouts: {implicit: 0, pageLoad: 300000, script: 30000}, unhandledPromptBehavior: dismiss and notify}
Session ID: e9a6e5f6790ecd80b9bddd8090aa694f
*** Element info: {Using=xpath, value=//span[contains(text(),'Blue Grey Gold')]}]]>
            </message>
            <full-stacktrace>
              <![CDATA[org.openqa.selenium.NoSuchElementException: no such element: Unable to locate element: {"method":"xpath","selector":"//span[contains(text(),'Blue Grey Gold')]"}
  (Session info: chrome=78.0.3904.108)
For documentation on this error, please visit: https://www.seleniumhq.org/exceptions/no_such_element.html
Build info: version: '3.141.59', revision: 'e82be7d358', time: '2018-11-14T08:17:03'
System info: host: 'KOKILAVANI-PC', ip: '192.168.0.108', os.name: 'Windows 7', os.arch: 'amd64', os.version: '6.1', java.version: '1.8.0_221'
Driver info: org.openqa.selenium.chrome.ChromeDriver
Capabilities {acceptInsecureCerts: false, browserName: chrome, browserVersion: 78.0.3904.108, chrome: {chromedriverVersion: 78.0.3904.70 (edb9c9f3de024..., userDataDir: C:\Users\rukku\AppData\Loca...}, goog:chromeOptions: {debuggerAddress: localhost:50435}, javascriptEnabled: true, networkConnectionEnabled: false, pageLoadStrategy: normal, platform: XP, platformName: XP, proxy: Proxy(), setWindowRect: true, strictFileInteractability: false, timeouts: {implicit: 0, pageLoad: 300000, script: 30000}, unhandledPromptBehavior: dismiss and notify}
Session ID: e9a6e5f6790ecd80b9bddd8090aa694f
*** Element info: {Using=xpath, value=//span[contains(text(),'Blue Grey Gold')]}
	at sun.reflect.NativeConstructorAccessorImpl.newInstance0(Native Method)
	at sun.reflect.NativeConstructorAccessorImpl.newInstance(Unknown Source)
	at sun.reflect.DelegatingConstructorAccessorImpl.newInstance(Unknown Source)
	at java.lang.reflect.Constructor.newInstance(Unknown Source)
	at org.openqa.selenium.remote.http.W3CHttpResponseCodec.createException(W3CHttpResponseCodec.java:187)
	at org.openqa.selenium.remote.http.W3CHttpResponseCodec.decode(W3CHttpResponseCodec.java:122)
	at org.openqa.selenium.remote.http.W3CHttpResponseCodec.decode(W3CHttpResponseCodec.java:49)
	at org.openqa.selenium.remote.HttpCommandExecutor.execute(HttpCommandExecutor.java:158)
	at org.openqa.selenium.remote.service.DriverCommandExecutor.execute(DriverCommandExecutor.java:83)
	at org.openqa.selenium.remote.RemoteWebDriver.execute(RemoteWebDriver.java:552)
	at org.openqa.selenium.remote.RemoteWebDriver.findElement(RemoteWebDriver.java:323)
	at org.openqa.selenium.remote.RemoteWebDriver.findElementByXPath(RemoteWebDriver.java:428)
	at org.openqa.selenium.By$ByXPath.findElement(By.java:353)
	at org.openqa.selenium.remote.RemoteWebDriver.findElement(RemoteWebDriver.java:315)
	at org.openqa.selenium.support.pagefactory.DefaultElementLocator.findElement(DefaultElementLocator.java:69)
	at org.openqa.selenium.support.pagefactory.internal.LocatingElementHandler.invoke(LocatingElementHandler.java:38)
	at com.sun.proxy.$Proxy9.click(Unknown Source)
	at automatingUptoPayement.BaseForAll.click(BaseForAll.java:36)
	at automatingUptoPayement.Finalresult.addWatch(Finalresult.java:48)
	at sun.reflect.NativeMethodAccessorImpl.invoke0(Native Method)
	at sun.reflect.NativeMethodAccessorImpl.invoke(Unknown Source)
	at sun.reflect.DelegatingMethodAccessorImpl.invoke(Unknown Source)
	at java.lang.reflect.Method.invoke(Unknown Source)
	at org.testng.internal.MethodInvocationHelper.invokeMethod(MethodInvocationHelper.java:86)
	at org.testng.internal.Invoker.invokeMethod(Invoker.java:645)
	at org.testng.internal.Invoker.invokeTestMethod(Invoker.java:822)
	at org.testng.internal.Invoker.invokeTestMethods(Invoker.java:1130)
	at org.testng.internal.TestMethodWorker.invokeTestMethods(TestMethodWorker.java:129)
	at org.testng.internal.TestMethodWorker.run(TestMethodWorker.java:112)
	at java.util.concurrent.ThreadPoolExecutor.runWorker(Unknown Source)
	at java.util.concurrent.ThreadPoolExecutor$Worker.run(Unknown Source)
	at java.lang.Thread.run(Unknown Source)
]]>
            </full-stacktrace>
          </exception> <!-- org.openqa.selenium.NoSuchElementException -->
          <reporter-output>
          </reporter-output>
        </test-method> <!-- addWatch -->
        <test-method status="PASS" signature="endTime()[pri:0, instance:automatingUptoPayement.Finalresult@7dc36524]" name="endTime" is-config="true" duration-ms="0" started-at="2019-12-06T10:11:45Z" finished-at="2019-12-06T10:11:45Z">
          <reporter-output>
          </reporter-output>
        </test-method> <!-- endTime -->
      </class> <!-- automatingUptoPayement.Finalresult -->
    </test> <!-- Test -->
  </suite> <!-- Suite -->
</testng-results>
